# JRE version: OpenJDK Runtime Environment (8.0_202-b03) (build 1.8.0_202-release-1483-b03)
# Java VM: OpenJDK 64-Bit Server VM (25.202-b03 mixed mode windows-amd64 compressed oops)
Heap:
 PSYoungGen      total 422400K, used 231675K [0x00000000e0000000, 0x0000000100000000, 0x0000000100000000)
  eden space 326144K, 53% used [0x00000000e0000000,0x00000000ea94c868,0x00000000f3e80000)
  from space 96256K, 60% used [0x00000000f3e80000,0x00000000f77723f0,0x00000000f9c80000)
  to   space 98816K, 0% used [0x00000000f9f80000,0x00000000f9f80000,0x0000000100000000)
 ParOldGen       total 651776K, used 143705K [0x00000000a0000000, 0x00000000c7c80000, 0x00000000e0000000)
  object space 651776K, 22% used [0x00000000a0000000,0x00000000a8c56440,0x00000000c7c80000)
 Metaspace       used 153690K, capacity 162232K, committed 179160K, reserved 1206272K
  class space    used 18129K, capacity 19646K, committed 22272K, reserved 1048576K
GC Heap History (10 events):
Event: 6538.296 GC heap before
{Heap before GC invocations=219 (full 15):
 PSYoungGen      total 405504K, used 328079K [0x00000000e0000000, 0x00000000ffb80000, 0x0000000100000000)
  eden space 297472K, 100% used [0x00000000e0000000,0x00000000f2280000,0x00000000f2280000)
  from space 108032K, 28% used [0x00000000f2280000,0x00000000f4063fd8,0x00000000f8c00000)
  to   space 102912K, 0% used [0x00000000f9700000,0x00000000f9700000,0x00000000ffb80000)
 ParOldGen       total 718336K, used 642082K [0x00000000a0000000, 0x00000000cbd80000, 0x00000000e0000000)
  object space 718336K, 89% used [0x00000000a0000000,0x00000000c7308950,0x00000000cbd80000)
 Metaspace       used 170361K, capacity 179218K, committed 183256K, reserved 1210368K
  class space    used 19799K, capacity 21395K, committed 22272K, reserved 1048576K
Event: 6538.312 GC heap after
Heap after GC invocations=219 (full 15):
 PSYoungGen      total 411648K, used 13808K [0x00000000e0000000, 0x00000000ff700000, 0x0000000100000000)
  eden space 313344K, 0% used [0x00000000e0000000,0x00000000e0000000,0x00000000f3200000)
  from space 98304K, 14% used [0x00000000f9700000,0x00000000fa47c158,0x00000000ff700000)
  to   space 100864K, 0% used [0x00000000f3200000,0x00000000f3200000,0x00000000f9480000)
 ParOldGen       total 718336K, used 643918K [0x00000000a0000000, 0x00000000cbd80000, 0x00000000e0000000)
  object space 718336K, 89% used [0x00000000a0000000,0x00000000c74d3908,0x00000000cbd80000)
 Metaspace       used 170361K, capacity 179218K, committed 183256K, reserved 1210368K
  class space    used 19799K, capacity 21395K, committed 22272K, reserved 1048576K
}
Event: 6538.312 GC heap before
{Heap before GC invocations=220 (full 16):
 PSYoungGen      total 411648K, used 13808K [0x00000000e0000000, 0x00000000ff700000, 0x0000000100000000)
  eden space 313344K, 0% used [0x00000000e0000000,0x00000000e0000000,0x00000000f3200000)
  from space 98304K, 14% used [0x00000000f9700000,0x00000000fa47c158,0x00000000ff700000)
  to   space 100864K, 0% used [0x00000000f3200000,0x00000000f3200000,0x00000000f9480000)
 ParOldGen       total 718336K, used 643918K [0x00000000a0000000, 0x00000000cbd80000, 0x00000000e0000000)
  object space 718336K, 89% used [0x00000000a0000000,0x00000000c74d3908,0x00000000cbd80000)
 Metaspace       used 170361K, capacity 179218K, committed 183256K, reserved 1210368K
  class space    used 19799K, capacity 21395K, committed 22272K, reserved 1048576K
Event: 6538.629 GC heap after
Heap after GC invocations=220 (full 16):
 PSYoungGen      total 411648K, used 0K [0x00000000e0000000, 0x00000000ff700000, 0x0000000100000000)
  eden space 313344K, 0% used [0x00000000e0000000,0x00000000e0000000,0x00000000f3200000)
  from space 98304K, 0% used [0x00000000f9700000,0x00000000f9700000,0x00000000ff700000)
  to   space 100864K, 0% used [0x00000000f3200000,0x00000000f3200000,0x00000000f9480000)
 ParOldGen       total 651776K, used 98698K [0x00000000a0000000, 0x00000000c7c80000, 0x00000000e0000000)
  object space 651776K, 15% used [0x00000000a0000000,0x00000000a6062858,0x00000000c7c80000)
 Metaspace       used 146303K, capacity 154610K, committed 179160K, reserved 1206272K
  class space    used 17348K, capacity 18819K, committed 22272K, reserved 1048576K
}
Event: 6543.348 GC heap before
{Heap before GC invocations=221 (full 16):
 PSYoungGen      total 411648K, used 313344K [0x00000000e0000000, 0x00000000ff700000, 0x0000000100000000)
  eden space 313344K, 100% used [0x00000000e0000000,0x00000000f3200000,0x00000000f3200000)
  from space 98304K, 0% used [0x00000000f9700000,0x00000000f9700000,0x00000000ff700000)
  to   space 100864K, 0% used [0x00000000f3200000,0x00000000f3200000,0x00000000f9480000)
 ParOldGen       total 651776K, used 98698K [0x00000000a0000000, 0x00000000c7c80000, 0x00000000e0000000)
  object space 651776K, 15% used [0x00000000a0000000,0x00000000a6062858,0x00000000c7c80000)
 Metaspace       used 146503K, capacity 154896K, committed 179160K, reserved 1206272K
  class space    used 17370K, capacity 18869K, committed 22272K, reserved 1048576K
Event: 6543.373 GC heap after
Heap after GC invocations=221 (full 16):
 PSYoungGen      total 414208K, used 45093K [0x00000000e0000000, 0x00000000ffb80000, 0x0000000100000000)
  eden space 313344K, 0% used [0x00000000e0000000,0x00000000e0000000,0x00000000f3200000)
  from space 100864K, 44% used [0x00000000f3200000,0x00000000f5e097f8,0x00000000f9480000)
  to   space 97280K, 0% used [0x00000000f9c80000,0x00000000f9c80000,0x00000000ffb80000)
 ParOldGen       total 651776K, used 98698K [0x00000000a0000000, 0x00000000c7c80000, 0x00000000e0000000)
  object space 651776K, 15% used [0x00000000a0000000,0x00000000a6062858,0x00000000c7c80000)
 Metaspace       used 146503K, capacity 154896K, committed 179160K, reserved 1206272K
  class space    used 17370K, capacity 18869K, committed 22272K, reserved 1048576K
}
Event: 6546.215 GC heap before
{Heap before GC invocations=222 (full 16):
 PSYoungGen      total 414208K, used 358437K [0x00000000e0000000, 0x00000000ffb80000, 0x0000000100000000)
  eden space 313344K, 100% used [0x00000000e0000000,0x00000000f3200000,0x00000000f3200000)
  from space 100864K, 44% used [0x00000000f3200000,0x00000000f5e097f8,0x00000000f9480000)
  to   space 97280K, 0% used [0x00000000f9c80000,0x00000000f9c80000,0x00000000ffb80000)
 ParOldGen       total 651776K, used 98698K [0x00000000a0000000, 0x00000000c7c80000, 0x00000000e0000000)
  object space 651776K, 15% used [0x00000000a0000000,0x00000000a6062858,0x00000000c7c80000)
 Metaspace       used 147648K, capacity 156066K, committed 179160K, reserved 1206272K
  class space    used 17511K, capacity 19000K, committed 22272K, reserved 1048576K
Event: 6546.267 GC heap after
Heap after GC invocations=222 (full 16):
 PSYoungGen      total 422400K, used 8828K [0x00000000e0000000, 0x00000000ffa80000, 0x0000000100000000)
  eden space 326144K, 0% used [0x00000000e0000000,0x00000000e0000000,0x00000000f3e80000)
  from space 96256K, 9% used [0x00000000f9c80000,0x00000000fa51f0d0,0x00000000ffa80000)
  to   space 96256K, 0% used [0x00000000f3e80000,0x00000000f3e80000,0x00000000f9c80000)
 ParOldGen       total 651776K, used 142833K [0x00000000a0000000, 0x00000000c7c80000, 0x00000000e0000000)
  object space 651776K, 21% used [0x00000000a0000000,0x00000000a8b7c430,0x00000000c7c80000)
 Metaspace       used 147648K, capacity 156066K, committed 179160K, reserved 1206272K
  class space    used 17511K, capacity 19000K, committed 22272K, reserved 1048576K
}
Event: 6548.383 GC heap before
{Heap before GC invocations=223 (full 16):
 PSYoungGen      total 422400K, used 334972K [0x00000000e0000000, 0x00000000ffa80000, 0x0000000100000000)
  eden space 326144K, 100% used [0x00000000e0000000,0x00000000f3e80000,0x00000000f3e80000)
  from space 96256K, 9% used [0x00000000f9c80000,0x00000000fa51f0d0,0x00000000ffa80000)
  to   space 96256K, 0% used [0x00000000f3e80000,0x00000000f3e80000,0x00000000f9c80000)
 ParOldGen       total 651776K, used 142833K [0x00000000a0000000, 0x00000000c7c80000, 0x00000000e0000000)
  object space 651776K, 21% used [0x00000000a0000000,0x00000000a8b7c430,0x00000000c7c80000)
 Metaspace       used 153117K, capacity 161632K, committed 179160K, reserved 1206272K
  class space    used 18067K, capacity 19576K, committed 22272K, reserved 1048576K
Event: 6548.421 GC heap after
Heap after GC invocations=223 (full 16):
 PSYoungGen      total 422400K, used 58312K [0x00000000e0000000, 0x0000000100000000, 0x0000000100000000)
  eden space 326144K, 0% used [0x00000000e0000000,0x00000000e0000000,0x00000000f3e80000)
  from space 96256K, 60% used [0x00000000f3e80000,0x00000000f77723f0,0x00000000f9c80000)
  to   space 98816K, 0% used [0x00000000f9f80000,0x00000000f9f80000,0x0000000100000000)
 ParOldGen       total 651776K, used 143705K [0x00000000a0000000, 0x00000000c7c80000, 0x00000000e0000000)
  object space 651776K, 22% used [0x00000000a0000000,0x00000000a8c56440,0x00000000c7c80000)
 Metaspace       used 153117K, capacity 161632K, committed 179160K, reserved 1206272K
  class space    used 18067K, capacity 19576K, committed 22272K, reserved 1048576K
}

